Running: /opt/Xilinx/14.7/ISE_DS/ISE/bin/lin64/unwrapped/fuse -intstyle ise -incremental -o /home/ise/ISE_Share/Adnan5/tb_booth_multiplier_isim_beh.exe -prj /home/ise/ISE_Share/Adnan5/tb_booth_multiplier_beh.prj tb_booth_multiplier 
ISim P.20131013 (signature 0xfbc00daa)
Number of CPUs detected in this system: 1
Turning on mult-threading, number of parallel sub-compilation jobs: 0 
Determining compilation order of HDL files
Parsing VHDL file "/home/ise/ISE_Share/Adnan5/Booth.vhd" into library work
Parsing VHDL file "/home/ise/ISE_Share/Adnan5/BOOTH_TB2.vhd" into library work
Starting static elaboration
Completed static elaboration
Fuse Memory Usage: 96708 KB
Fuse CPU Usage: 950 ms
Compiling package standard
Compiling package std_logic_1164
Compiling package std_logic_arith
Compiling package std_logic_signed
Compiling architecture behavior of entity booth_multiplier [\booth_multiplier(4,4)\]
Compiling architecture behavior of entity tb_booth_multiplier
Time Resolution for simulation is 1ps.
Compiled 7 VHDL Units
Built simulation executable /home/ise/ISE_Share/Adnan5/tb_booth_multiplier_isim_beh.exe
Fuse Memory Usage: 111916 KB
Fuse CPU Usage: 990 ms
GCC CPU Usage: 90 ms
